# JRE version: OpenJDK Runtime Environment (8.0_202-b03) (build 1.8.0_202-release-1483-b03)
# Java VM: OpenJDK 64-Bit Server VM (25.202-b03 mixed mode windows-amd64 compressed oops)
Heap:
 PSYoungGen      total 86016K, used 20155K [0x00000000d6600000, 0x00000000dea80000, 0x0000000100000000)
  eden space 70144K, 8% used [0x00000000d6600000,0x00000000d6b92fa0,0x00000000daa80000)
  from space 15872K, 91% used [0x00000000daa80000,0x00000000db89bea8,0x00000000dba00000)
  to   space 17408K, 0% used [0x00000000dd980000,0x00000000dd980000,0x00000000dea80000)
 ParOldGen       total 111616K, used 19180K [0x0000000083200000, 0x0000000089f00000, 0x00000000d6600000)
  object space 111616K, 17% used [0x0000000083200000,0x00000000844bb2d8,0x0000000089f00000)
 Metaspace       used 42976K, capacity 43650K, committed 44160K, reserved 1087488K
  class space    used 5467K, capacity 5696K, committed 5760K, reserved 1048576K
GC Heap History (10 events):
Event: 4.131 GC heap before
{Heap before GC invocations=5 (full 1):
 PSYoungGen      total 37888K, used 32768K [0x00000000d6600000, 0x00000000db000000, 0x0000000100000000)
  eden space 32768K, 100% used [0x00000000d6600000,0x00000000d8600000,0x00000000d8600000)
  from space 5120K, 0% used [0x00000000d8600000,0x00000000d8600000,0x00000000d8b00000)
  to   space 5120K, 0% used [0x00000000dab00000,0x00000000dab00000,0x00000000db000000)
 ParOldGen       total 65024K, used 8674K [0x0000000083200000, 0x0000000087180000, 0x00000000d6600000)
  object space 65024K, 13% used [0x0000000083200000,0x0000000083a78960,0x0000000087180000)
 Metaspace       used 22687K, capacity 23132K, committed 23344K, reserved 1069056K
  class space    used 2711K, capacity 2866K, committed 2944K, reserved 1048576K
Event: 4.145 GC heap after
Heap after GC invocations=5 (full 1):
 PSYoungGen      total 52736K, used 5119K [0x00000000d6600000, 0x00000000db000000, 0x0000000100000000)
  eden space 47616K, 0% used [0x00000000d6600000,0x00000000d6600000,0x00000000d9480000)
  from space 5120K, 99% used [0x00000000dab00000,0x00000000dafffce8,0x00000000db000000)
  to   space 5120K, 0% used [0x00000000da600000,0x00000000da600000,0x00000000dab00000)
 ParOldGen       total 65024K, used 10123K [0x0000000083200000, 0x0000000087180000, 0x00000000d6600000)
  object space 65024K, 15% used [0x0000000083200000,0x0000000083be2f00,0x0000000087180000)
 Metaspace       used 22687K, capacity 23132K, committed 23344K, reserved 1069056K
  class space    used 2711K, capacity 2866K, committed 2944K, reserved 1048576K
}
Event: 6.086 GC heap before
{Heap before GC invocations=6 (full 1):
 PSYoungGen      total 52736K, used 52735K [0x00000000d6600000, 0x00000000db000000, 0x0000000100000000)
  eden space 47616K, 100% used [0x00000000d6600000,0x00000000d9480000,0x00000000d9480000)
  from space 5120K, 99% used [0x00000000dab00000,0x00000000dafffce8,0x00000000db000000)
  to   space 5120K, 0% used [0x00000000da600000,0x00000000da600000,0x00000000dab00000)
 ParOldGen       total 65024K, used 10123K [0x0000000083200000, 0x0000000087180000, 0x00000000d6600000)
  object space 65024K, 15% used [0x0000000083200000,0x0000000083be2f00,0x0000000087180000)
 Metaspace       used 30982K, capacity 31440K, committed 31744K, reserved 1077248K
  class space    used 3942K, capacity 4089K, committed 4096K, reserved 1048576K
Event: 6.112 GC heap after
Heap after GC invocations=6 (full 1):
 PSYoungGen      total 70656K, used 5118K [0x00000000d6600000, 0x00000000dca80000, 0x0000000100000000)
  eden space 65536K, 0% used [0x00000000d6600000,0x00000000d6600000,0x00000000da600000)
  from space 5120K, 99% used [0x00000000da600000,0x00000000daaffb18,0x00000000dab00000)
  to   space 16896K, 0% used [0x00000000dba00000,0x00000000dba00000,0x00000000dca80000)
 ParOldGen       total 65024K, used 23274K [0x0000000083200000, 0x0000000087180000, 0x00000000d6600000)
  object space 65024K, 35% used [0x0000000083200000,0x00000000848ba938,0x0000000087180000)
 Metaspace       used 30982K, capacity 31440K, committed 31744K, reserved 1077248K
  class space    used 3942K, capacity 4089K, committed 4096K, reserved 1048576K
}
Event: 6.890 GC heap before
{Heap before GC invocations=7 (full 1):
 PSYoungGen      total 70656K, used 22424K [0x00000000d6600000, 0x00000000dca80000, 0x0000000100000000)
  eden space 65536K, 26% used [0x00000000d6600000,0x00000000d76e6768,0x00000000da600000)
  from space 5120K, 99% used [0x00000000da600000,0x00000000daaffb18,0x00000000dab00000)
  to   space 16896K, 0% used [0x00000000dba00000,0x00000000dba00000,0x00000000dca80000)
 ParOldGen       total 65024K, used 23274K [0x0000000083200000, 0x0000000087180000, 0x00000000d6600000)
  object space 65024K, 35% used [0x0000000083200000,0x00000000848ba938,0x0000000087180000)
 Metaspace       used 34805K, capacity 35340K, committed 35496K, reserved 1081344K
  class space    used 4446K, capacity 4601K, committed 4608K, reserved 1048576K
Event: 6.913 GC heap after
Heap after GC invocations=7 (full 1):
 PSYoungGen      total 87040K, used 10110K [0x00000000d6600000, 0x00000000de680000, 0x0000000100000000)
  eden space 70144K, 0% used [0x00000000d6600000,0x00000000d6600000,0x00000000daa80000)
  from space 16896K, 59% used [0x00000000dba00000,0x00000000dc3dfb70,0x00000000dca80000)
  to   space 15872K, 0% used [0x00000000daa80000,0x00000000daa80000,0x00000000dba00000)
 ParOldGen       total 65024K, used 23282K [0x0000000083200000, 0x0000000087180000, 0x00000000d6600000)
  object space 65024K, 35% used [0x0000000083200000,0x00000000848bc938,0x0000000087180000)
 Metaspace       used 34805K, capacity 35340K, committed 35496K, reserved 1081344K
  class space    used 4446K, capacity 4601K, committed 4608K, reserved 1048576K
}
Event: 6.913 GC heap before
{Heap before GC invocations=8 (full 2):
 PSYoungGen      total 87040K, used 10110K [0x00000000d6600000, 0x00000000de680000, 0x0000000100000000)
  eden space 70144K, 0% used [0x00000000d6600000,0x00000000d6600000,0x00000000daa80000)
  from space 16896K, 59% used [0x00000000dba00000,0x00000000dc3dfb70,0x00000000dca80000)
  to   space 15872K, 0% used [0x00000000daa80000,0x00000000daa80000,0x00000000dba00000)
 ParOldGen       total 65024K, used 23282K [0x0000000083200000, 0x0000000087180000, 0x00000000d6600000)
  object space 65024K, 35% used [0x0000000083200000,0x00000000848bc938,0x0000000087180000)
 Metaspace       used 34805K, capacity 35340K, committed 35496K, reserved 1081344K
  class space    used 4446K, capacity 4601K, committed 4608K, reserved 1048576K
Event: 7.021 GC heap after
Heap after GC invocations=8 (full 2):
 PSYoungGen      total 87040K, used 0K [0x00000000d6600000, 0x00000000de680000, 0x0000000100000000)
  eden space 70144K, 0% used [0x00000000d6600000,0x00000000d6600000,0x00000000daa80000)
  from space 16896K, 0% used [0x00000000dba00000,0x00000000dba00000,0x00000000dca80000)
  to   space 15872K, 0% used [0x00000000daa80000,0x00000000daa80000,0x00000000dba00000)
 ParOldGen       total 111616K, used 19172K [0x0000000083200000, 0x0000000089f00000, 0x00000000d6600000)
  object space 111616K, 17% used [0x0000000083200000,0x00000000844b92d8,0x0000000089f00000)
 Metaspace       used 34805K, capacity 35340K, committed 35496K, reserved 1081344K
  class space    used 4446K, capacity 4601K, committed 4608K, reserved 1048576K
}
Event: 9.397 GC heap before
{Heap before GC invocations=9 (full 2):
 PSYoungGen      total 87040K, used 70144K [0x00000000d6600000, 0x00000000de680000, 0x0000000100000000)
  eden space 70144K, 100% used [0x00000000d6600000,0x00000000daa80000,0x00000000daa80000)
  from space 16896K, 0% used [0x00000000dba00000,0x00000000dba00000,0x00000000dca80000)
  to   space 15872K, 0% used [0x00000000daa80000,0x00000000daa80000,0x00000000dba00000)
 ParOldGen       total 111616K, used 19172K [0x0000000083200000, 0x0000000089f00000, 0x00000000d6600000)
  object space 111616K, 17% used [0x0000000083200000,0x00000000844b92d8,0x0000000089f00000)
 Metaspace       used 42916K, capacity 43586K, committed 43904K, reserved 1087488K
  class space    used 5465K, capacity 5696K, committed 5760K, reserved 1048576K
Event: 9.439 GC heap after
Heap after GC invocations=9 (full 2):
 PSYoungGen      total 86016K, used 14447K [0x00000000d6600000, 0x00000000dea80000, 0x0000000100000000)
  eden space 70144K, 0% used [0x00000000d6600000,0x00000000d6600000,0x00000000daa80000)
  from space 15872K, 91% used [0x00000000daa80000,0x00000000db89bea8,0x00000000dba00000)
  to   space 17408K, 0% used [0x00000000dd980000,0x00000000dd980000,0x00000000dea80000)
 ParOldGen       total 111616K, used 19180K [0x0000000083200000, 0x0000000089f00000, 0x00000000d6600000)
  object space 111616K, 17% used [0x0000000083200000,0x00000000844bb2d8,0x0000000089f00000)
 Metaspace       used 42916K, capacity 43586K, committed 43904K, reserved 1087488K
  class space    used 5465K, capacity 5696K, committed 5760K, reserved 1048576K
}

