# JRE version: OpenJDK Runtime Environment (8.0_202-b03) (build 1.8.0_202-release-1483-b03)
# Java VM: OpenJDK 64-Bit Server VM (25.202-b03 mixed mode windows-amd64 compressed oops)
Heap:
 PSYoungGen      total 191488K, used 159307K [0x00000000e0000000, 0x00000000eeb80000, 0x0000000100000000)
  eden space 158208K, 79% used [0x00000000e0000000,0x00000000e7b17048,0x00000000e9a80000)
  from space 33280K, 99% used [0x00000000ec200000,0x00000000ee27bca0,0x00000000ee280000)
  to   space 40448K, 0% used [0x00000000e9a80000,0x00000000e9a80000,0x00000000ec200000)
 ParOldGen       total 138240K, used 86457K [0x00000000a0000000, 0x00000000a8700000, 0x00000000e0000000)
  object space 138240K, 62% used [0x00000000a0000000,0x00000000a546e470,0x00000000a8700000)
 Metaspace       used 92935K, capacity 96820K, committed 97024K, reserved 1134592K
  class space    used 11921K, capacity 12785K, committed 12800K, reserved 1048576K
GC Heap History (10 events):
Event: 160.677 GC heap before
{Heap before GC invocations=25 (full 3):
 PSYoungGen      total 175104K, used 175081K [0x00000000e0000000, 0x00000000ef680000, 0x0000000100000000)
  eden space 145920K, 100% used [0x00000000e0000000,0x00000000e8e80000,0x00000000e8e80000)
  from space 29184K, 99% used [0x00000000e8e80000,0x00000000eaafa468,0x00000000eab00000)
  to   space 35840K, 0% used [0x00000000ed380000,0x00000000ed380000,0x00000000ef680000)
 ParOldGen       total 138240K, used 42381K [0x00000000a0000000, 0x00000000a8700000, 0x00000000e0000000)
  object space 138240K, 30% used [0x00000000a0000000,0x00000000a2963428,0x00000000a8700000)
 Metaspace       used 79119K, capacity 82598K, committed 82944K, reserved 1120256K
  class space    used 10368K, capacity 11138K, committed 11264K, reserved 1048576K
Event: 160.771 GC heap after
Heap after GC invocations=25 (full 3):
 PSYoungGen      total 214528K, used 17359K [0x00000000e0000000, 0x00000000ef400000, 0x0000000100000000)
  eden space 181248K, 0% used [0x00000000e0000000,0x00000000e0000000,0x00000000eb100000)
  from space 33280K, 52% used [0x00000000ed380000,0x00000000ee473d98,0x00000000ef400000)
  to   space 34304K, 0% used [0x00000000eb100000,0x00000000eb100000,0x00000000ed280000)
 ParOldGen       total 138240K, used 60530K [0x00000000a0000000, 0x00000000a8700000, 0x00000000e0000000)
  object space 138240K, 43% used [0x00000000a0000000,0x00000000a3b1cbb0,0x00000000a8700000)
 Metaspace       used 79119K, capacity 82598K, committed 82944K, reserved 1120256K
  class space    used 10368K, capacity 11138K, committed 11264K, reserved 1048576K
}
Event: 1095.434 GC heap before
{Heap before GC invocations=26 (full 3):
 PSYoungGen      total 214528K, used 198607K [0x00000000e0000000, 0x00000000ef400000, 0x0000000100000000)
  eden space 181248K, 100% used [0x00000000e0000000,0x00000000eb100000,0x00000000eb100000)
  from space 33280K, 52% used [0x00000000ed380000,0x00000000ee473d98,0x00000000ef400000)
  to   space 34304K, 0% used [0x00000000eb100000,0x00000000eb100000,0x00000000ed280000)
 ParOldGen       total 138240K, used 60530K [0x00000000a0000000, 0x00000000a8700000, 0x00000000e0000000)
  object space 138240K, 43% used [0x00000000a0000000,0x00000000a3b1cbb0,0x00000000a8700000)
 Metaspace       used 80899K, capacity 84518K, committed 84608K, reserved 1122304K
  class space    used 10571K, capacity 11364K, committed 11392K, reserved 1048576K
Event: 1095.595 GC heap after
Heap after GC invocations=26 (full 3):
 PSYoungGen      total 186880K, used 10896K [0x00000000e0000000, 0x00000000eec80000, 0x0000000100000000)
  eden space 175616K, 0% used [0x00000000e0000000,0x00000000e0000000,0x00000000eab80000)
  from space 11264K, 96% used [0x00000000eb100000,0x00000000ebba4040,0x00000000ebc00000)
  to   space 33280K, 0% used [0x00000000ecc00000,0x00000000ecc00000,0x00000000eec80000)
 ParOldGen       total 138240K, used 74397K [0x00000000a0000000, 0x00000000a8700000, 0x00000000e0000000)
  object space 138240K, 53% used [0x00000000a0000000,0x00000000a48a74a8,0x00000000a8700000)
 Metaspace       used 80899K, capacity 84518K, committed 84608K, reserved 1122304K
  class space    used 10571K, capacity 11364K, committed 11392K, reserved 1048576K
}
Event: 1208.895 GC heap before
{Heap before GC invocations=27 (full 3):
 PSYoungGen      total 186880K, used 186512K [0x00000000e0000000, 0x00000000eec80000, 0x0000000100000000)
  eden space 175616K, 100% used [0x00000000e0000000,0x00000000eab80000,0x00000000eab80000)
  from space 11264K, 96% used [0x00000000eb100000,0x00000000ebba4040,0x00000000ebc00000)
  to   space 33280K, 0% used [0x00000000ecc00000,0x00000000ecc00000,0x00000000eec80000)
 ParOldGen       total 138240K, used 74397K [0x00000000a0000000, 0x00000000a8700000, 0x00000000e0000000)
  object space 138240K, 53% used [0x00000000a0000000,0x00000000a48a74a8,0x00000000a8700000)
 Metaspace       used 83131K, capacity 86816K, committed 86912K, reserved 1124352K
  class space    used 10796K, capacity 11577K, committed 11648K, reserved 1048576K
Event: 1208.961 GC heap after
Heap after GC invocations=27 (full 3):
 PSYoungGen      total 197632K, used 8447K [0x00000000e0000000, 0x00000000ee680000, 0x0000000100000000)
  eden space 170496K, 0% used [0x00000000e0000000,0x00000000e0000000,0x00000000ea680000)
  from space 27136K, 31% used [0x00000000ecc00000,0x00000000ed43fc20,0x00000000ee680000)
  to   space 32768K, 0% used [0x00000000ea680000,0x00000000ea680000,0x00000000ec680000)
 ParOldGen       total 138240K, used 80209K [0x00000000a0000000, 0x00000000a8700000, 0x00000000e0000000)
  object space 138240K, 58% used [0x00000000a0000000,0x00000000a4e545a8,0x00000000a8700000)
 Metaspace       used 83131K, capacity 86816K, committed 86912K, reserved 1124352K
  class space    used 10796K, capacity 11577K, committed 11648K, reserved 1048576K
}
Event: 1315.633 GC heap before
{Heap before GC invocations=28 (full 3):
 PSYoungGen      total 197632K, used 178943K [0x00000000e0000000, 0x00000000ee680000, 0x0000000100000000)
  eden space 170496K, 100% used [0x00000000e0000000,0x00000000ea680000,0x00000000ea680000)
  from space 27136K, 31% used [0x00000000ecc00000,0x00000000ed43fc20,0x00000000ee680000)
  to   space 32768K, 0% used [0x00000000ea680000,0x00000000ea680000,0x00000000ec680000)
 ParOldGen       total 138240K, used 80209K [0x00000000a0000000, 0x00000000a8700000, 0x00000000e0000000)
  object space 138240K, 58% used [0x00000000a0000000,0x00000000a4e545a8,0x00000000a8700000)
 Metaspace       used 87170K, capacity 90954K, committed 91136K, reserved 1128448K
  class space    used 11387K, capacity 12235K, committed 12288K, reserved 1048576K
Event: 1315.660 GC heap after
Heap after GC invocations=28 (full 3):
 PSYoungGen      total 185856K, used 20186K [0x00000000e0000000, 0x00000000ee280000, 0x0000000100000000)
  eden space 165376K, 0% used [0x00000000e0000000,0x00000000e0000000,0x00000000ea180000)
  from space 20480K, 98% used [0x00000000ea680000,0x00000000eba36bc0,0x00000000eba80000)
  to   space 33280K, 0% used [0x00000000ec200000,0x00000000ec200000,0x00000000ee280000)
 ParOldGen       total 138240K, used 80217K [0x00000000a0000000, 0x00000000a8700000, 0x00000000e0000000)
  object space 138240K, 58% used [0x00000000a0000000,0x00000000a4e565a8,0x00000000a8700000)
 Metaspace       used 87170K, capacity 90954K, committed 91136K, reserved 1128448K
  class space    used 11387K, capacity 12235K, committed 12288K, reserved 1048576K
}
Event: 1322.658 GC heap before
{Heap before GC invocations=29 (full 3):
 PSYoungGen      total 185856K, used 185562K [0x00000000e0000000, 0x00000000ee280000, 0x0000000100000000)
  eden space 165376K, 100% used [0x00000000e0000000,0x00000000ea180000,0x00000000ea180000)
  from space 20480K, 98% used [0x00000000ea680000,0x00000000eba36bc0,0x00000000eba80000)
  to   space 33280K, 0% used [0x00000000ec200000,0x00000000ec200000,0x00000000ee280000)
 ParOldGen       total 138240K, used 80217K [0x00000000a0000000, 0x00000000a8700000, 0x00000000e0000000)
  object space 138240K, 58% used [0x00000000a0000000,0x00000000a4e565a8,0x00000000a8700000)
 Metaspace       used 91121K, capacity 95028K, committed 95104K, reserved 1132544K
  class space    used 11794K, capacity 12657K, committed 12672K, reserved 1048576K
Event: 1322.735 GC heap after
Heap after GC invocations=29 (full 3):
 PSYoungGen      total 191488K, used 33263K [0x00000000e0000000, 0x00000000eeb80000, 0x0000000100000000)
  eden space 158208K, 0% used [0x00000000e0000000,0x00000000e0000000,0x00000000e9a80000)
  from space 33280K, 99% used [0x00000000ec200000,0x00000000ee27bca0,0x00000000ee280000)
  to   space 40448K, 0% used [0x00000000e9a80000,0x00000000e9a80000,0x00000000ec200000)
 ParOldGen       total 138240K, used 86457K [0x00000000a0000000, 0x00000000a8700000, 0x00000000e0000000)
  object space 138240K, 62% used [0x00000000a0000000,0x00000000a546e470,0x00000000a8700000)
 Metaspace       used 91121K, capacity 95028K, committed 95104K, reserved 1132544K
  class space    used 11794K, capacity 12657K, committed 12672K, reserved 1048576K
}

