# JRE version: OpenJDK Runtime Environment (8.0_202-b03) (build 1.8.0_202-release-1483-b03)
# Java VM: OpenJDK 64-Bit Server VM (25.202-b03 mixed mode windows-amd64 compressed oops)
Heap:
 PSYoungGen      total 275968K, used 62601K [0x00000000e0000000, 0x00000000f5900000, 0x0000000100000000)
  eden space 237056K, 9% used [0x00000000e0000000,0x00000000e1723d10,0x00000000ee780000)
  from space 38912K, 99% used [0x00000000f3300000,0x00000000f58fe850,0x00000000f5900000)
  to   space 34816K, 0% used [0x00000000ee780000,0x00000000ee780000,0x00000000f0980000)
 ParOldGen       total 141824K, used 71006K [0x00000000a0000000, 0x00000000a8a80000, 0x00000000e0000000)
  object space 141824K, 50% used [0x00000000a0000000,0x00000000a4557980,0x00000000a8a80000)
 Metaspace       used 78943K, capacity 82662K, committed 82840K, reserved 1120256K
  class space    used 10311K, capacity 11112K, committed 11176K, reserved 1048576K
GC Heap History (10 events):
Event: 53.875 GC heap before
{Heap before GC invocations=17 (full 3):
 PSYoungGen      total 167424K, used 161305K [0x00000000e0000000, 0x00000000ee100000, 0x0000000100000000)
  eden space 146944K, 100% used [0x00000000e0000000,0x00000000e8f80000,0x00000000e8f80000)
  from space 20480K, 70% used [0x00000000e8f80000,0x00000000e9d86788,0x00000000ea380000)
  to   space 20992K, 0% used [0x00000000ecc80000,0x00000000ecc80000,0x00000000ee100000)
 ParOldGen       total 141824K, used 36308K [0x00000000a0000000, 0x00000000a8a80000, 0x00000000e0000000)
  object space 141824K, 25% used [0x00000000a0000000,0x00000000a2375190,0x00000000a8a80000)
 Metaspace       used 64116K, capacity 66620K, committed 66712K, reserved 1105920K
  class space    used 8665K, capacity 9311K, committed 9384K, reserved 1048576K
Event: 53.915 GC heap after
Heap after GC invocations=17 (full 3):
 PSYoungGen      total 206336K, used 20976K [0x00000000e0000000, 0x00000000ee580000, 0x0000000100000000)
  eden space 185344K, 0% used [0x00000000e0000000,0x00000000e0000000,0x00000000eb500000)
  from space 20992K, 99% used [0x00000000ecc80000,0x00000000ee0fc040,0x00000000ee100000)
  to   space 24064K, 0% used [0x00000000eb500000,0x00000000eb500000,0x00000000ecc80000)
 ParOldGen       total 141824K, used 37559K [0x00000000a0000000, 0x00000000a8a80000, 0x00000000e0000000)
  object space 141824K, 26% used [0x00000000a0000000,0x00000000a24adf28,0x00000000a8a80000)
 Metaspace       used 64116K, capacity 66620K, committed 66712K, reserved 1105920K
  class space    used 8665K, capacity 9311K, committed 9384K, reserved 1048576K
}
Event: 60.188 GC heap before
{Heap before GC invocations=18 (full 3):
 PSYoungGen      total 206336K, used 206320K [0x00000000e0000000, 0x00000000ee580000, 0x0000000100000000)
  eden space 185344K, 100% used [0x00000000e0000000,0x00000000eb500000,0x00000000eb500000)
  from space 20992K, 99% used [0x00000000ecc80000,0x00000000ee0fc040,0x00000000ee100000)
  to   space 24064K, 0% used [0x00000000eb500000,0x00000000eb500000,0x00000000ecc80000)
 ParOldGen       total 141824K, used 37559K [0x00000000a0000000, 0x00000000a8a80000, 0x00000000e0000000)
  object space 141824K, 26% used [0x00000000a0000000,0x00000000a24adf28,0x00000000a8a80000)
 Metaspace       used 69997K, capacity 73026K, committed 73112K, reserved 1112064K
  class space    used 9411K, capacity 10118K, committed 10152K, reserved 1048576K
Event: 60.286 GC heap after
Heap after GC invocations=18 (full 3):
 PSYoungGen      total 209408K, used 24039K [0x00000000e0000000, 0x00000000f2900000, 0x0000000100000000)
  eden space 185344K, 0% used [0x00000000e0000000,0x00000000e0000000,0x00000000eb500000)
  from space 24064K, 99% used [0x00000000eb500000,0x00000000ecc79f10,0x00000000ecc80000)
  to   space 32256K, 0% used [0x00000000f0980000,0x00000000f0980000,0x00000000f2900000)
 ParOldGen       total 141824K, used 49983K [0x00000000a0000000, 0x00000000a8a80000, 0x00000000e0000000)
  object space 141824K, 35% used [0x00000000a0000000,0x00000000a30cff68,0x00000000a8a80000)
 Metaspace       used 69997K, capacity 73026K, committed 73112K, reserved 1112064K
  class space    used 9411K, capacity 10118K, committed 10152K, reserved 1048576K
}
Event: 73.853 GC heap before
{Heap before GC invocations=19 (full 3):
 PSYoungGen      total 209408K, used 209383K [0x00000000e0000000, 0x00000000f2900000, 0x0000000100000000)
  eden space 185344K, 100% used [0x00000000e0000000,0x00000000eb500000,0x00000000eb500000)
  from space 24064K, 99% used [0x00000000eb500000,0x00000000ecc79f10,0x00000000ecc80000)
  to   space 32256K, 0% used [0x00000000f0980000,0x00000000f0980000,0x00000000f2900000)
 ParOldGen       total 141824K, used 49983K [0x00000000a0000000, 0x00000000a8a80000, 0x00000000e0000000)
  object space 141824K, 35% used [0x00000000a0000000,0x00000000a30cff68,0x00000000a8a80000)
 Metaspace       used 74174K, capacity 77646K, committed 77976K, reserved 1116160K
  class space    used 9836K, capacity 10574K, committed 10664K, reserved 1048576K
Event: 73.984 GC heap after
Heap after GC invocations=19 (full 3):
 PSYoungGen      total 269312K, used 27164K [0x00000000e0000000, 0x00000000f2d00000, 0x0000000100000000)
  eden space 237056K, 0% used [0x00000000e0000000,0x00000000e0000000,0x00000000ee780000)
  from space 32256K, 84% used [0x00000000f0980000,0x00000000f2407070,0x00000000f2900000)
  to   space 34816K, 0% used [0x00000000ee780000,0x00000000ee780000,0x00000000f0980000)
 ParOldGen       total 141824K, used 58116K [0x00000000a0000000, 0x00000000a8a80000, 0x00000000e0000000)
  object space 141824K, 40% used [0x00000000a0000000,0x00000000a38c1078,0x00000000a8a80000)
 Metaspace       used 74174K, capacity 77646K, committed 77976K, reserved 1116160K
  class space    used 9836K, capacity 10574K, committed 10664K, reserved 1048576K
}
Event: 850.853 GC heap before
{Heap before GC invocations=20 (full 3):
 PSYoungGen      total 269312K, used 264220K [0x00000000e0000000, 0x00000000f2d00000, 0x0000000100000000)
  eden space 237056K, 100% used [0x00000000e0000000,0x00000000ee780000,0x00000000ee780000)
  from space 32256K, 84% used [0x00000000f0980000,0x00000000f2407070,0x00000000f2900000)
  to   space 34816K, 0% used [0x00000000ee780000,0x00000000ee780000,0x00000000f0980000)
 ParOldGen       total 141824K, used 58116K [0x00000000a0000000, 0x00000000a8a80000, 0x00000000e0000000)
  object space 141824K, 40% used [0x00000000a0000000,0x00000000a38c1078,0x00000000a8a80000)
 Metaspace       used 77177K, capacity 80778K, committed 81048K, reserved 1120256K
  class space    used 10143K, capacity 10876K, committed 10920K, reserved 1048576K
Event: 850.903 GC heap after
Heap after GC invocations=20 (full 3):
 PSYoungGen      total 271872K, used 30705K [0x00000000e0000000, 0x00000000f5900000, 0x0000000100000000)
  eden space 237056K, 0% used [0x00000000e0000000,0x00000000e0000000,0x00000000ee780000)
  from space 34816K, 88% used [0x00000000ee780000,0x00000000f057c608,0x00000000f0980000)
  to   space 38912K, 0% used [0x00000000f3300000,0x00000000f3300000,0x00000000f5900000)
 ParOldGen       total 141824K, used 58124K [0x00000000a0000000, 0x00000000a8a80000, 0x00000000e0000000)
  object space 141824K, 40% used [0x00000000a0000000,0x00000000a38c3078,0x00000000a8a80000)
 Metaspace       used 77177K, capacity 80778K, committed 81048K, reserved 1120256K
  class space    used 10143K, capacity 10876K, committed 10920K, reserved 1048576K
}
Event: 856.539 GC heap before
{Heap before GC invocations=21 (full 3):
 PSYoungGen      total 271872K, used 267761K [0x00000000e0000000, 0x00000000f5900000, 0x0000000100000000)
  eden space 237056K, 100% used [0x00000000e0000000,0x00000000ee780000,0x00000000ee780000)
  from space 34816K, 88% used [0x00000000ee780000,0x00000000f057c608,0x00000000f0980000)
  to   space 38912K, 0% used [0x00000000f3300000,0x00000000f3300000,0x00000000f5900000)
 ParOldGen       total 141824K, used 58124K [0x00000000a0000000, 0x00000000a8a80000, 0x00000000e0000000)
  object space 141824K, 40% used [0x00000000a0000000,0x00000000a38c3078,0x00000000a8a80000)
 Metaspace       used 78645K, capacity 82392K, committed 82456K, reserved 1120256K
  class space    used 10289K, capacity 11045K, committed 11048K, reserved 1048576K
Event: 856.612 GC heap after
Heap after GC invocations=21 (full 3):
 PSYoungGen      total 275968K, used 38906K [0x00000000e0000000, 0x00000000f5900000, 0x0000000100000000)
  eden space 237056K, 0% used [0x00000000e0000000,0x00000000e0000000,0x00000000ee780000)
  from space 38912K, 99% used [0x00000000f3300000,0x00000000f58fe850,0x00000000f5900000)
  to   space 34816K, 0% used [0x00000000ee780000,0x00000000ee780000,0x00000000f0980000)
 ParOldGen       total 141824K, used 71006K [0x00000000a0000000, 0x00000000a8a80000, 0x00000000e0000000)
  object space 141824K, 50% used [0x00000000a0000000,0x00000000a4557980,0x00000000a8a80000)
 Metaspace       used 78645K, capacity 82392K, committed 82456K, reserved 1120256K
  class space    used 10289K, capacity 11045K, committed 11048K, reserved 1048576K
}

