# JRE version: OpenJDK Runtime Environment (8.0_202-b03) (build 1.8.0_202-release-1483-b03)
# Java VM: OpenJDK 64-Bit Server VM (25.202-b03 mixed mode windows-amd64 compressed oops)
Heap:
 PSYoungGen      total 351232K, used 90846K [0x00000000e0000000, 0x00000000fe280000, 0x0000000100000000)
  eden space 208384K, 35% used [0x00000000e0000000,0x00000000e484dc30,0x00000000ecb80000)
  from space 142848K, 11% used [0x00000000ecb80000,0x00000000edbe9f98,0x00000000f5700000)
  to   space 137216K, 0% used [0x00000000f5c80000,0x00000000f5c80000,0x00000000fe280000)
 ParOldGen       total 478208K, used 116157K [0x00000000a0000000, 0x00000000bd300000, 0x00000000e0000000)
  object space 478208K, 24% used [0x00000000a0000000,0x00000000a716f788,0x00000000bd300000)
 Metaspace       used 163194K, capacity 172244K, committed 172492K, reserved 1200128K
  class space    used 20220K, capacity 21844K, committed 22016K, reserved 1048576K
GC Heap History (10 events):
Event: 19699.239 GC heap before
{Heap before GC invocations=114 (full 13):
 PSYoungGen      total 345088K, used 194048K [0x00000000e0000000, 0x00000000fea80000, 0x0000000100000000)
  eden space 194048K, 100% used [0x00000000e0000000,0x00000000ebd80000,0x00000000ebd80000)
  from space 151040K, 0% used [0x00000000f5700000,0x00000000f5700000,0x00000000fea80000)
  to   space 154112K, 0% used [0x00000000ebd80000,0x00000000ebd80000,0x00000000f5400000)
 ParOldGen       total 478208K, used 116125K [0x00000000a0000000, 0x00000000bd300000, 0x00000000e0000000)
  object space 478208K, 24% used [0x00000000a0000000,0x00000000a7167788,0x00000000bd300000)
 Metaspace       used 161599K, capacity 170454K, committed 170828K, reserved 1198080K
  class space    used 20064K, capacity 21643K, committed 21888K, reserved 1048576K
Event: 19699.275 GC heap after
Heap after GC invocations=114 (full 13):
 PSYoungGen      total 348160K, used 13929K [0x00000000e0000000, 0x00000000fed00000, 0x0000000100000000)
  eden space 194048K, 0% used [0x00000000e0000000,0x00000000e0000000,0x00000000ebd80000)
  from space 154112K, 9% used [0x00000000ebd80000,0x00000000ecb1a418,0x00000000f5400000)
  to   space 147456K, 0% used [0x00000000f5d00000,0x00000000f5d00000,0x00000000fed00000)
 ParOldGen       total 478208K, used 116133K [0x00000000a0000000, 0x00000000bd300000, 0x00000000e0000000)
  object space 478208K, 24% used [0x00000000a0000000,0x00000000a7169788,0x00000000bd300000)
 Metaspace       used 161599K, capacity 170454K, committed 170828K, reserved 1198080K
  class space    used 20064K, capacity 21643K, committed 21888K, reserved 1048576K
}
Event: 19711.862 GC heap before
{Heap before GC invocations=115 (full 13):
 PSYoungGen      total 348160K, used 207977K [0x00000000e0000000, 0x00000000fed00000, 0x0000000100000000)
  eden space 194048K, 100% used [0x00000000e0000000,0x00000000ebd80000,0x00000000ebd80000)
  from space 154112K, 9% used [0x00000000ebd80000,0x00000000ecb1a418,0x00000000f5400000)
  to   space 147456K, 0% used [0x00000000f5d00000,0x00000000f5d00000,0x00000000fed00000)
 ParOldGen       total 478208K, used 116133K [0x00000000a0000000, 0x00000000bd300000, 0x00000000e0000000)
  object space 478208K, 24% used [0x00000000a0000000,0x00000000a7169788,0x00000000bd300000)
 Metaspace       used 162520K, capacity 171430K, committed 171980K, reserved 1200128K
  class space    used 20148K, capacity 21745K, committed 22016K, reserved 1048576K
Event: 19711.910 GC heap after
Heap after GC invocations=115 (full 13):
 PSYoungGen      total 342016K, used 10029K [0x00000000e0000000, 0x00000000fe000000, 0x0000000100000000)
  eden space 207872K, 0% used [0x00000000e0000000,0x00000000e0000000,0x00000000ecb00000)
  from space 134144K, 7% used [0x00000000f5d00000,0x00000000f66cb418,0x00000000fe000000)
  to   space 141824K, 0% used [0x00000000ecb00000,0x00000000ecb00000,0x00000000f5580000)
 ParOldGen       total 478208K, used 116141K [0x00000000a0000000, 0x00000000bd300000, 0x00000000e0000000)
  object space 478208K, 24% used [0x00000000a0000000,0x00000000a716b788,0x00000000bd300000)
 Metaspace       used 162520K, capacity 171430K, committed 171980K, reserved 1200128K
  class space    used 20148K, capacity 21745K, committed 22016K, reserved 1048576K
}
Event: 19759.608 GC heap before
{Heap before GC invocations=116 (full 13):
 PSYoungGen      total 342016K, used 215574K [0x00000000e0000000, 0x00000000fe000000, 0x0000000100000000)
  eden space 207872K, 98% used [0x00000000e0000000,0x00000000ec8ba6f0,0x00000000ecb00000)
  from space 134144K, 7% used [0x00000000f5d00000,0x00000000f66cb418,0x00000000fe000000)
  to   space 141824K, 0% used [0x00000000ecb00000,0x00000000ecb00000,0x00000000f5580000)
 ParOldGen       total 478208K, used 116141K [0x00000000a0000000, 0x00000000bd300000, 0x00000000e0000000)
  object space 478208K, 24% used [0x00000000a0000000,0x00000000a716b788,0x00000000bd300000)
 Metaspace       used 162616K, capacity 171522K, committed 171980K, reserved 1200128K
  class space    used 20154K, capacity 21752K, committed 22016K, reserved 1048576K
Event: 19759.676 GC heap after
Heap after GC invocations=116 (full 13):
 PSYoungGen      total 349696K, used 35875K [0x00000000e0000000, 0x00000000fd700000, 0x0000000100000000)
  eden space 207872K, 0% used [0x00000000e0000000,0x00000000e0000000,0x00000000ecb00000)
  from space 141824K, 25% used [0x00000000ecb00000,0x00000000eee08d88,0x00000000f5580000)
  to   space 131072K, 0% used [0x00000000f5700000,0x00000000f5700000,0x00000000fd700000)
 ParOldGen       total 478208K, used 116149K [0x00000000a0000000, 0x00000000bd300000, 0x00000000e0000000)
  object space 478208K, 24% used [0x00000000a0000000,0x00000000a716d788,0x00000000bd300000)
 Metaspace       used 162616K, capacity 171522K, committed 171980K, reserved 1200128K
  class space    used 20154K, capacity 21752K, committed 22016K, reserved 1048576K
}
Event: 19762.616 GC heap before
{Heap before GC invocations=117 (full 13):
 PSYoungGen      total 349696K, used 243747K [0x00000000e0000000, 0x00000000fd700000, 0x0000000100000000)
  eden space 207872K, 100% used [0x00000000e0000000,0x00000000ecb00000,0x00000000ecb00000)
  from space 141824K, 25% used [0x00000000ecb00000,0x00000000eee08d88,0x00000000f5580000)
  to   space 131072K, 0% used [0x00000000f5700000,0x00000000f5700000,0x00000000fd700000)
 ParOldGen       total 478208K, used 116149K [0x00000000a0000000, 0x00000000bd300000, 0x00000000e0000000)
  object space 478208K, 24% used [0x00000000a0000000,0x00000000a716d788,0x00000000bd300000)
 Metaspace       used 162876K, capacity 171820K, committed 172236K, reserved 1200128K
  class space    used 20175K, capacity 21790K, committed 22016K, reserved 1048576K
Event: 19762.780 GC heap after
Heap after GC invocations=117 (full 13):
 PSYoungGen      total 339456K, used 93334K [0x00000000e0000000, 0x00000000fef00000, 0x0000000100000000)
  eden space 208384K, 0% used [0x00000000e0000000,0x00000000e0000000,0x00000000ecb80000)
  from space 131072K, 71% used [0x00000000f5700000,0x00000000fb2259e8,0x00000000fd700000)
  to   space 142848K, 0% used [0x00000000ecb80000,0x00000000ecb80000,0x00000000f5700000)
 ParOldGen       total 478208K, used 116149K [0x00000000a0000000, 0x00000000bd300000, 0x00000000e0000000)
  object space 478208K, 24% used [0x00000000a0000000,0x00000000a716d788,0x00000000bd300000)
 Metaspace       used 162876K, capacity 171820K, committed 172236K, reserved 1200128K
  class space    used 20175K, capacity 21790K, committed 22016K, reserved 1048576K
}
Event: 19773.159 GC heap before
{Heap before GC invocations=118 (full 13):
 PSYoungGen      total 339456K, used 301718K [0x00000000e0000000, 0x00000000fef00000, 0x0000000100000000)
  eden space 208384K, 100% used [0x00000000e0000000,0x00000000ecb80000,0x00000000ecb80000)
  from space 131072K, 71% used [0x00000000f5700000,0x00000000fb2259e8,0x00000000fd700000)
  to   space 142848K, 0% used [0x00000000ecb80000,0x00000000ecb80000,0x00000000f5700000)
 ParOldGen       total 478208K, used 116149K [0x00000000a0000000, 0x00000000bd300000, 0x00000000e0000000)
  object space 478208K, 24% used [0x00000000a0000000,0x00000000a716d788,0x00000000bd300000)
 Metaspace       used 163063K, capacity 172094K, committed 172492K, reserved 1200128K
  class space    used 20203K, capacity 21819K, committed 22016K, reserved 1048576K
Event: 19773.189 GC heap after
Heap after GC invocations=118 (full 13):
 PSYoungGen      total 351232K, used 16807K [0x00000000e0000000, 0x00000000fe280000, 0x0000000100000000)
  eden space 208384K, 0% used [0x00000000e0000000,0x00000000e0000000,0x00000000ecb80000)
  from space 142848K, 11% used [0x00000000ecb80000,0x00000000edbe9f98,0x00000000f5700000)
  to   space 137216K, 0% used [0x00000000f5c80000,0x00000000f5c80000,0x00000000fe280000)
 ParOldGen       total 478208K, used 116157K [0x00000000a0000000, 0x00000000bd300000, 0x00000000e0000000)
  object space 478208K, 24% used [0x00000000a0000000,0x00000000a716f788,0x00000000bd300000)
 Metaspace       used 163063K, capacity 172094K, committed 172492K, reserved 1200128K
  class space    used 20203K, capacity 21819K, committed 22016K, reserved 1048576K
}

