# JRE version: OpenJDK Runtime Environment (8.0_202-b03) (build 1.8.0_202-release-1483-b03)
# Java VM: OpenJDK 64-Bit Server VM (25.202-b03 mixed mode windows-amd64 compressed oops)
Heap:
 PSYoungGen      total 18944K, used 7238K [0x00000000feb00000, 0x0000000100000000, 0x0000000100000000)
  eden space 16384K, 28% used [0x00000000feb00000,0x00000000fef97d10,0x00000000ffb00000)
  from space 2560K, 99% used [0x00000000ffb00000,0x00000000ffd79b70,0x00000000ffd80000)
  to   space 2560K, 0% used [0x00000000ffd80000,0x00000000ffd80000,0x0000000100000000)
 ParOldGen       total 17920K, used 6545K [0x00000000fc000000, 0x00000000fd180000, 0x00000000feb00000)
  object space 17920K, 36% used [0x00000000fc000000,0x00000000fc664418,0x00000000fd180000)
 Metaspace       used 7579K, capacity 7816K, committed 7936K, reserved 1058816K
  class space    used 860K, capacity 970K, committed 1024K, reserved 1048576K
GC Heap History (8 events):
Event: 2.662 GC heap before
{Heap before GC invocations=1 (full 0):
 PSYoungGen      total 18944K, used 5306K [0x00000000feb00000, 0x0000000100000000, 0x0000000100000000)
  eden space 16384K, 32% used [0x00000000feb00000,0x00000000ff02eae0,0x00000000ffb00000)
  from space 2560K, 0% used [0x00000000ffd80000,0x00000000ffd80000,0x0000000100000000)
  to   space 2560K, 0% used [0x00000000ffb00000,0x00000000ffb00000,0x00000000ffd80000)
 ParOldGen       total 44032K, used 0K [0x00000000fc000000, 0x00000000feb00000, 0x00000000feb00000)
  object space 44032K, 0% used [0x00000000fc000000,0x00000000fc000000,0x00000000feb00000)
 Metaspace       used 5694K, capacity 5866K, committed 5888K, reserved 1060864K
  class space    used 664K, capacity 749K, committed 768K, reserved 1048576K
Event: 2.671 GC heap after
Heap after GC invocations=1 (full 0):
 PSYoungGen      total 18944K, used 1461K [0x00000000feb00000, 0x0000000100000000, 0x0000000100000000)
  eden space 16384K, 0% used [0x00000000feb00000,0x00000000feb00000,0x00000000ffb00000)
  from space 2560K, 57% used [0x00000000ffb00000,0x00000000ffc6d490,0x00000000ffd80000)
  to   space 2560K, 0% used [0x00000000ffd80000,0x00000000ffd80000,0x0000000100000000)
 ParOldGen       total 44032K, used 8K [0x00000000fc000000, 0x00000000feb00000, 0x00000000feb00000)
  object space 44032K, 0% used [0x00000000fc000000,0x00000000fc002000,0x00000000feb00000)
 Metaspace       used 5694K, capacity 5866K, committed 5888K, reserved 1060864K
  class space    used 664K, capacity 749K, committed 768K, reserved 1048576K
}
Event: 2.671 GC heap before
{Heap before GC invocations=2 (full 1):
 PSYoungGen      total 18944K, used 1461K [0x00000000feb00000, 0x0000000100000000, 0x0000000100000000)
  eden space 16384K, 0% used [0x00000000feb00000,0x00000000feb00000,0x00000000ffb00000)
  from space 2560K, 57% used [0x00000000ffb00000,0x00000000ffc6d490,0x00000000ffd80000)
  to   space 2560K, 0% used [0x00000000ffd80000,0x00000000ffd80000,0x0000000100000000)
 ParOldGen       total 44032K, used 8K [0x00000000fc000000, 0x00000000feb00000, 0x00000000feb00000)
  object space 44032K, 0% used [0x00000000fc000000,0x00000000fc002000,0x00000000feb00000)
 Metaspace       used 5694K, capacity 5866K, committed 5888K, reserved 1060864K
  class space    used 664K, capacity 749K, committed 768K, reserved 1048576K
Event: 2.688 GC heap after
Heap after GC invocations=2 (full 1):
 PSYoungGen      total 18944K, used 0K [0x00000000feb00000, 0x0000000100000000, 0x0000000100000000)
  eden space 16384K, 0% used [0x00000000feb00000,0x00000000feb00000,0x00000000ffb00000)
  from space 2560K, 0% used [0x00000000ffb00000,0x00000000ffb00000,0x00000000ffd80000)
  to   space 2560K, 0% used [0x00000000ffd80000,0x00000000ffd80000,0x0000000100000000)
 ParOldGen       total 17920K, used 1390K [0x00000000fc000000, 0x00000000fd180000, 0x00000000feb00000)
  object space 17920K, 7% used [0x00000000fc000000,0x00000000fc15b8c0,0x00000000fd180000)
 Metaspace       used 5694K, capacity 5866K, committed 5888K, reserved 1058816K
  class space    used 664K, capacity 749K, committed 768K, reserved 1048576K
}
Event: 3.101 GC heap before
{Heap before GC invocations=3 (full 1):
 PSYoungGen      total 18944K, used 16384K [0x00000000feb00000, 0x0000000100000000, 0x0000000100000000)
  eden space 16384K, 100% used [0x00000000feb00000,0x00000000ffb00000,0x00000000ffb00000)
  from space 2560K, 0% used [0x00000000ffb00000,0x00000000ffb00000,0x00000000ffd80000)
  to   space 2560K, 0% used [0x00000000ffd80000,0x00000000ffd80000,0x0000000100000000)
 ParOldGen       total 17920K, used 1390K [0x00000000fc000000, 0x00000000fd180000, 0x00000000feb00000)
  object space 17920K, 7% used [0x00000000fc000000,0x00000000fc15b8c0,0x00000000fd180000)
 Metaspace       used 6660K, capacity 6874K, committed 7040K, reserved 1058816K
  class space    used 785K, capacity 871K, committed 896K, reserved 1048576K
Event: 3.110 GC heap after
Heap after GC invocations=3 (full 1):
 PSYoungGen      total 18944K, used 2528K [0x00000000feb00000, 0x0000000100000000, 0x0000000100000000)
  eden space 16384K, 0% used [0x00000000feb00000,0x00000000feb00000,0x00000000ffb00000)
  from space 2560K, 98% used [0x00000000ffd80000,0x00000000ffff8010,0x0000000100000000)
  to   space 2560K, 0% used [0x00000000ffb00000,0x00000000ffb00000,0x00000000ffd80000)
 ParOldGen       total 17920K, used 3078K [0x00000000fc000000, 0x00000000fd180000, 0x00000000feb00000)
  object space 17920K, 17% used [0x00000000fc000000,0x00000000fc3019c0,0x00000000fd180000)
 Metaspace       used 6660K, capacity 6874K, committed 7040K, reserved 1058816K
  class space    used 785K, capacity 871K, committed 896K, reserved 1048576K
}
Event: 4.092 GC heap before
{Heap before GC invocations=4 (full 1):
 PSYoungGen      total 18944K, used 18912K [0x00000000feb00000, 0x0000000100000000, 0x0000000100000000)
  eden space 16384K, 100% used [0x00000000feb00000,0x00000000ffb00000,0x00000000ffb00000)
  from space 2560K, 98% used [0x00000000ffd80000,0x00000000ffff8010,0x0000000100000000)
  to   space 2560K, 0% used [0x00000000ffb00000,0x00000000ffb00000,0x00000000ffd80000)
 ParOldGen       total 17920K, used 3078K [0x00000000fc000000, 0x00000000fd180000, 0x00000000feb00000)
  object space 17920K, 17% used [0x00000000fc000000,0x00000000fc3019c0,0x00000000fd180000)
 Metaspace       used 7431K, capacity 7688K, committed 7936K, reserved 1058816K
  class space    used 860K, capacity 970K, committed 1024K, reserved 1048576K
Event: 4.102 GC heap after
Heap after GC invocations=4 (full 1):
 PSYoungGen      total 18944K, used 2534K [0x00000000feb00000, 0x0000000100000000, 0x0000000100000000)
  eden space 16384K, 0% used [0x00000000feb00000,0x00000000feb00000,0x00000000ffb00000)
  from space 2560K, 99% used [0x00000000ffb00000,0x00000000ffd79b70,0x00000000ffd80000)
  to   space 2560K, 0% used [0x00000000ffd80000,0x00000000ffd80000,0x0000000100000000)
 ParOldGen       total 17920K, used 6545K [0x00000000fc000000, 0x00000000fd180000, 0x00000000feb00000)
  object space 17920K, 36% used [0x00000000fc000000,0x00000000fc664418,0x00000000fd180000)
 Metaspace       used 7431K, capacity 7688K, committed 7936K, reserved 1058816K
  class space    used 860K, capacity 970K, committed 1024K, reserved 1048576K
}

